<?xml version="1.0" encoding="UTF-8"?>
<testsuite xmlns:xsi="http://www.w3.org/2001/XMLSchema-instance" xsi:noNamespaceSchemaLocation="https://maven.apache.org/surefire/maven-surefire-plugin/xsd/surefire-test-report-3.0.xsd" version="3.0" name="CalculatorTest" time="0.059" tests="5" errors="0" skipped="0" failures="0">
  <properties>
    <property name="java.specification.version" value="17"/>
    <property name="sun.cpu.isalist" value="amd64"/>
    <property name="sun.jnu.encoding" value="Cp1252"/>
    <property name="java.class.path" value="C:\my3tech\java_my3\employee-management-system\target\test-classes;C:\my3tech\java_my3\employee-management-system\target\classes;C:\Users\Hardhik Reddy\.m2\repository\org\springframework\spring-context\4.0.5.RELEASE\spring-context-4.0.5.RELEASE.jar;C:\Users\Hardhik Reddy\.m2\repository\org\springframework\spring-aop\4.0.5.RELEASE\spring-aop-4.0.5.RELEASE.jar;C:\Users\Hardhik Reddy\.m2\repository\aopalliance\aopalliance\1.0\aopalliance-1.0.jar;C:\Users\Hardhik Reddy\.m2\repository\org\springframework\spring-beans\4.0.5.RELEASE\spring-beans-4.0.5.RELEASE.jar;C:\Users\Hardhik Reddy\.m2\repository\org\springframework\spring-core\4.0.5.RELEASE\spring-core-4.0.5.RELEASE.jar;C:\Users\Hardhik Reddy\.m2\repository\commons-logging\commons-logging\1.1.3\commons-logging-1.1.3.jar;C:\Users\Hardhik Reddy\.m2\repository\org\springframework\spring-expression\4.0.5.RELEASE\spring-expression-4.0.5.RELEASE.jar;C:\Users\Hardhik Reddy\.m2\repository\junit\junit\4.13.2\junit-4.13.2.jar;C:\Users\Hardhik Reddy\.m2\repository\org\hamcrest\hamcrest-core\1.3\hamcrest-core-1.3.jar;C:\Users\Hardhik Reddy\.m2\repository\org\projectlombok\lombok\1.18.28\lombok-1.18.28.jar;"/>
    <property name="java.vm.vendor" value="Oracle Corporation"/>
    <property name="sun.arch.data.model" value="64"/>
    <property name="user.variant" value=""/>
    <property name="java.vendor.url" value="https://java.oracle.com/"/>
    <property name="user.timezone" value="Asia/Calcutta"/>
    <property name="os.name" value="Windows 11"/>
    <property name="java.vm.specification.version" value="17"/>
    <property name="sun.java.launcher" value="SUN_STANDARD"/>
    <property name="user.country" value="IN"/>
    <property name="sun.boot.library.path" value="C:\Program Files\Java\jdk-17\bin"/>
    <property name="sun.java.command" value="C:\Users\Hardhik Reddy\AppData\Local\Temp\surefire3639982052177260499\surefirebooter-20241111141936818_3.jar C:\Users\Hardhik Reddy\AppData\Local\Temp\surefire3639982052177260499 2024-11-11T14-19-36_621-jvmRun1 surefire-20241111141936818_1tmp surefire_0-20241111141936818_2tmp"/>
    <property name="jdk.debug" value="release"/>
    <property name="surefire.test.class.path" value="C:\my3tech\java_my3\employee-management-system\target\test-classes;C:\my3tech\java_my3\employee-management-system\target\classes;C:\Users\Hardhik Reddy\.m2\repository\org\springframework\spring-context\4.0.5.RELEASE\spring-context-4.0.5.RELEASE.jar;C:\Users\Hardhik Reddy\.m2\repository\org\springframework\spring-aop\4.0.5.RELEASE\spring-aop-4.0.5.RELEASE.jar;C:\Users\Hardhik Reddy\.m2\repository\aopalliance\aopalliance\1.0\aopalliance-1.0.jar;C:\Users\Hardhik Reddy\.m2\repository\org\springframework\spring-beans\4.0.5.RELEASE\spring-beans-4.0.5.RELEASE.jar;C:\Users\Hardhik Reddy\.m2\repository\org\springframework\spring-core\4.0.5.RELEASE\spring-core-4.0.5.RELEASE.jar;C:\Users\Hardhik Reddy\.m2\repository\commons-logging\commons-logging\1.1.3\commons-logging-1.1.3.jar;C:\Users\Hardhik Reddy\.m2\repository\org\springframework\spring-expression\4.0.5.RELEASE\spring-expression-4.0.5.RELEASE.jar;C:\Users\Hardhik Reddy\.m2\repository\junit\junit\4.13.2\junit-4.13.2.jar;C:\Users\Hardhik Reddy\.m2\repository\org\hamcrest\hamcrest-core\1.3\hamcrest-core-1.3.jar;C:\Users\Hardhik Reddy\.m2\repository\org\projectlombok\lombok\1.18.28\lombok-1.18.28.jar;"/>
    <property name="sun.cpu.endian" value="little"/>
    <property name="user.home" value="C:\Users\Hardhik Reddy"/>
    <property name="user.language" value="en"/>
    <property name="java.specification.vendor" value="Oracle Corporation"/>
    <property name="java.version.date" value="2024-07-16"/>
    <property name="java.home" value="C:\Program Files\Java\jdk-17"/>
    <property name="file.separator" value="\"/>
    <property name="basedir" value="C:\my3tech\java_my3\employee-management-system"/>
    <property name="java.vm.compressedOopsMode" value="32-bit"/>
    <property name="line.separator" value="&#10;"/>
    <property name="java.vm.specification.vendor" value="Oracle Corporation"/>
    <property name="java.specification.name" value="Java Platform API Specification"/>
    <property name="surefire.real.class.path" value="C:\Users\Hardhik Reddy\AppData\Local\Temp\surefire3639982052177260499\surefirebooter-20241111141936818_3.jar"/>
    <property name="user.script" value=""/>
    <property name="sun.management.compiler" value="HotSpot 64-Bit Tiered Compilers"/>
    <property name="java.runtime.version" value="17.0.12+8-LTS-286"/>
    <property name="user.name" value="Hardhik Reddy"/>
    <property name="path.separator" value=";"/>
    <property name="os.version" value="10.0"/>
    <property name="java.runtime.name" value="Java(TM) SE Runtime Environment"/>
    <property name="file.encoding" value="Cp1252"/>
    <property name="java.vm.name" value="Java HotSpot(TM) 64-Bit Server VM"/>
    <property name="localRepository" value="C:\Users\Hardhik Reddy\.m2\repository"/>
    <property name="java.vendor.url.bug" value="https://bugreport.java.com/bugreport/"/>
    <property name="java.io.tmpdir" value="C:\Users\HARDHI~1\AppData\Local\Temp\"/>
    <property name="java.version" value="17.0.12"/>
    <property name="user.dir" value="C:\my3tech\java_my3\employee-management-system"/>
    <property name="os.arch" value="amd64"/>
    <property name="java.vm.specification.name" value="Java Virtual Machine Specification"/>
    <property name="sun.os.patch.level" value=""/>
    <property name="native.encoding" value="Cp1252"/>
    <property name="java.library.path" value="C:\Program Files\Java\jdk-17\bin;C:\WINDOWS\Sun\Java\bin;C:\WINDOWS\system32;C:\WINDOWS;C:\oraclexe\app\oracle\product\10.2.0\server\bin;C:\Program Files\Common Files\Oracle\Java\javapath;C:\WINDOWS\system32;C:\WINDOWS;C:\WINDOWS\System32\Wbem;C:\WINDOWS\System32\WindowsPowerShell\v1.0\;C:\WINDOWS\System32\OpenSSH\;C:\Program Files\nodejs\;C:\ProgramData\chocolatey\bin;C:\Users\Hardhik Reddy\AppData\Local\Programs\Python\Python311\Scripts\;C:\php;C:\Program Files\MySQL\MySQL Shell 8.0\bin;C:\Users\Hardhik Reddy\AppData\Local\Programs\Python\Python311\Scripts\;C:\Program Files\Microsoft SQL Server\150\Tools\Binn\;C:\Program Files\Microsoft SQL Server\Client SDK\ODBC\170\Tools\Binn\;C:\Program Files (x86)\Microsoft SQL Server\160\Tools\Binn\;C:\Program Files\Microsoft SQL Server\160\Tools\Binn\;C:\Program Files\Microsoft SQL Server\160\DTS\Binn\;C:\Program Files (x86)\Microsoft SQL Server\160\DTS\Binn\;C:\Program Files\Git\cmd;C:\Program Files\MySQL\MySQL Shell 8.0\bin\;C:\Program Files\MySQL\MySQL Shell 8.0\bin;C:\Users\Hardhik Reddy\AppData\Local\Programs\Python\Python311\Scripts\;C:\Users\Hardhik Reddy\AppData\Local\Programs\Python\Python311\;C:\Users\Hardhik Reddy\AppData\Local\Microsoft\WindowsApps;C:\Users\Hardhik Reddy\AppData\Local\Programs\Microsoft VS Code\bin;C:\Users\Hardhik Reddy\AppData\Roaming\npm;C:\Program Files\JetBrains\PyCharm 2023.2.3\bin;;C:\Program Files\JetBrains\PyCharm Edu 2022.2.2\bin;;C:\softwares\apache-maven-3.9.9\bin;;."/>
    <property name="java.vm.info" value="mixed mode, sharing"/>
    <property name="java.vendor" value="Oracle Corporation"/>
    <property name="java.vm.version" value="17.0.12+8-LTS-286"/>
    <property name="sun.io.unicode.encoding" value="UnicodeLittle"/>
    <property name="java.class.version" value="61.0"/>
  </properties>
  <testcase name="testDivideByZero" classname="CalculatorTest" time="0.002"/>
  <testcase name="testAdd" classname="CalculatorTest" time="0.0"/>
  <testcase name="testSubtract" classname="CalculatorTest" time="0.0"/>
  <testcase name="testDivide" classname="CalculatorTest" time="0.0"/>
  <testcase name="testMultiply" classname="CalculatorTest" time="0.0"/>
</testsuite>